\BOOKMARK [0][-]{chapter*.1}{\376\377\000A\000b\000s\000t\000r\000a\000c\000t}{}% 1
\BOOKMARK [0][-]{chapter*.3}{\376\377\000A\000c\000k\000n\000o\000w\000l\000e\000d\000g\000e\000m\000e\000n\000t\000s}{}% 2
\BOOKMARK [0][-]{chapter.7}{\376\377\000I\000n\000t\000r\000o\000d\000u\000c\000t\000i\000o\000n}{}% 3
\BOOKMARK [1][-]{section.8}{\376\377\000C\000o\000n\000t\000r\000i\000b\000u\000t\000i\000o\000n}{chapter.7}% 4
\BOOKMARK [1][-]{section.9}{\376\377\000S\000t\000r\000u\000c\000t\000u\000r\000e\000\040\000o\000f\000\040\000t\000h\000e\000\040\000d\000o\000c\000u\000m\000e\000n\000t}{chapter.7}% 5
\BOOKMARK [0][-]{chapter.10}{\376\377\000R\000e\000l\000a\000t\000e\000d\000\040\000W\000o\000r\000k\000s}{}% 6
\BOOKMARK [1][-]{section.11}{\376\377\000S\000o\000f\000t\000w\000a\000r\000e\000\040\000v\000i\000s\000u\000a\000l\000i\000z\000a\000t\000i\000o\000n}{chapter.10}% 7
\BOOKMARK [1][-]{section.22}{\376\377\000A\000n\000a\000l\000y\000s\000i\000s\000\040\000o\000f\000\040\000s\000o\000f\000t\000w\000a\000r\000e\000\040\000e\000v\000o\000l\000u\000t\000i\000o\000n}{chapter.10}% 8
\BOOKMARK [1][-]{section.25}{\376\377\000D\000a\000t\000a\000\040\000s\000o\000n\000i\000f\000i\000c\000a\000t\000i\000o\000n}{chapter.10}% 9
\BOOKMARK [1][-]{section.27}{\376\377\000C\000o\000n\000c\000l\000u\000s\000i\000o\000n}{chapter.10}% 10
\BOOKMARK [0][-]{chapter.28}{\376\377\000A\000p\000p\000r\000o\000a\000c\000h}{}% 11
\BOOKMARK [1][-]{section.29}{\376\377\000E\000v\000o\000l\000u\000t\000i\000o\000n\000\040\000M\000o\000d\000e\000l}{chapter.28}% 12
\BOOKMARK [1][-]{section.38}{\376\377\000V\000i\000s\000u\000a\000l\000i\000z\000a\000t\000i\000o\000n}{chapter.28}% 13
\BOOKMARK [2][-]{subsection.39}{\376\377\0002\000D\000\040\000r\000e\000p\000r\000e\000s\000e\000n\000t\000a\000t\000i\000o\000n}{section.38}% 14
\BOOKMARK [2][-]{subsection.42}{\376\377\0003\000D\000\040\000r\000e\000p\000r\000e\000s\000e\000n\000t\000a\000t\000i\000o\000n}{section.38}% 15
\BOOKMARK [1][-]{section.52}{\376\377\000A\000u\000d\000i\000t\000i\000v\000e\000\040\000m\000o\000d\000e\000l}{chapter.28}% 16
\BOOKMARK [0][-]{chapter.53}{\376\377\000I\000m\000p\000l\000e\000m\000e\000n\000t\000a\000t\000i\000o\000n}{}% 17
\BOOKMARK [1][-]{section.54}{\376\377\000P\000l\000a\000t\000f\000o\000r\000m\000\040\000o\000v\000e\000r\000v\000i\000e\000w}{chapter.53}% 18
\BOOKMARK [1][-]{section.56}{\376\377\000S\000Y\000N\000\040\000C\000o\000r\000e}{chapter.53}% 19
\BOOKMARK [1][-]{section.64}{\376\377\000S\000Y\000N\000\040\000C\000L\000I}{chapter.53}% 20
\BOOKMARK [1][-]{section.71}{\376\377\000S\000Y\000N\000\040\000A\000n\000a\000l\000y\000z\000e\000r}{chapter.53}% 21
\BOOKMARK [1][-]{section.86}{\376\377\000S\000Y\000N\000\040\000S\000e\000r\000v\000e\000r}{chapter.53}% 22
\BOOKMARK [1][-]{section.88}{\376\377\000S\000Y\000N\000\040\000D\000e\000b\000u\000g\000g\000e\000r}{chapter.53}% 23
\BOOKMARK [0][-]{chapter.103}{\376\377\000C\000a\000s\000e\000\040\000s\000t\000u\000d\000i\000e\000s}{}% 24
